<?xml version="1.0" encoding="UTF-8"?>
<testng-results skipped="0" failed="1" total="1" passed="0">
  <reporter-output>
  </reporter-output>
  <suite name="HOOQ" duration-ms="270861" started-at="2019-11-21T07:16:16Z" finished-at="2019-11-21T07:20:47Z">
    <groups>
      <group name="Regression">
        <method signature="HOOQ_Android_Mobile_Sanity2.HOOQ_Android_Mobile_Free_User_Payment_Philippines_1_Year_GooglePlay()[pri:1, instance:com.automation.android.mobile.scripts.HOOQ_Android_Mobile_Sanity2@491cc5c9]" name="HOOQ_Android_Mobile_Free_User_Payment_Philippines_1_Year_GooglePlay" class="com.automation.android.mobile.scripts.HOOQ_Android_Mobile_Sanity2"/>
      </group> <!-- Regression -->
      <group name="HOOQ_Android_Mobile_Free_User_Payment_Philippines_1_Year_GooglePlay">
        <method signature="HOOQ_Android_Mobile_Sanity2.HOOQ_Android_Mobile_Free_User_Payment_Philippines_1_Year_GooglePlay()[pri:1, instance:com.automation.android.mobile.scripts.HOOQ_Android_Mobile_Sanity2@491cc5c9]" name="HOOQ_Android_Mobile_Free_User_Payment_Philippines_1_Year_GooglePlay" class="com.automation.android.mobile.scripts.HOOQ_Android_Mobile_Sanity2"/>
      </group> <!-- HOOQ_Android_Mobile_Free_User_Payment_Philippines_1_Year_GooglePlay -->
      <group name="Android">
        <method signature="HOOQ_Android_Mobile_Sanity2.HOOQ_Android_Mobile_Free_User_Payment_Philippines_1_Year_GooglePlay()[pri:1, instance:com.automation.android.mobile.scripts.HOOQ_Android_Mobile_Sanity2@491cc5c9]" name="HOOQ_Android_Mobile_Free_User_Payment_Philippines_1_Year_GooglePlay" class="com.automation.android.mobile.scripts.HOOQ_Android_Mobile_Sanity2"/>
      </group> <!-- Android -->
    </groups>
    <test name="Grouping" duration-ms="270861" started-at="2019-11-21T07:16:16Z" finished-at="2019-11-21T07:20:47Z">
      <class name="com.automation.android.mobile.scripts.HOOQ_Android_Mobile_Sanity2">
        <test-method status="PASS" signature="fnBeforeSuite()[pri:0, instance:com.automation.android.mobile.scripts.HOOQ_Android_Mobile_Sanity2@491cc5c9]" name="fnBeforeSuite" is-config="true" duration-ms="10168" started-at="2019-11-21T12:46:06Z" finished-at="2019-11-21T12:46:16Z">
          <reporter-output>
          </reporter-output>
        </test-method> <!-- fnBeforeSuite -->
        <test-method status="PASS" signature="fnBeforeTest(java.lang.String, java.lang.String, java.lang.String, java.lang.String, java.lang.reflect.Method)[pri:0, instance:com.automation.android.mobile.scripts.HOOQ_Android_Mobile_Sanity2@491cc5c9]" name="fnBeforeTest" is-config="true" duration-ms="22475" started-at="2019-11-21T12:46:16Z" finished-at="2019-11-21T12:46:39Z">
          <params>
            <param index="0">
              <value>
                <![CDATA[IN]]>
              </value>
            </param>
            <param index="1">
              <value>
                <![CDATA[prod]]>
              </value>
            </param>
            <param index="2">
              <value>
                <![CDATA[Regression]]>
              </value>
            </param>
            <param index="3">
              <value>
                <![CDATA[Android]]>
              </value>
            </param>
            <param index="4">
              <value>
                <![CDATA[public void com.automation.android.mobile.scripts.HOOQ_Android_Mobile_Sanity2.HOOQ_Android_Mobile_Free_User_Payment_Philippines_1_Year_GooglePlay() throws java.lang.Throwable]]>
              </value>
            </param>
          </params>
          <reporter-output>
          </reporter-output>
        </test-method> <!-- fnBeforeTest -->
        <test-method status="FAIL" signature="HOOQ_Android_Mobile_Free_User_Payment_Philippines_1_Year_GooglePlay()[pri:1, instance:com.automation.android.mobile.scripts.HOOQ_Android_Mobile_Sanity2@491cc5c9]" name="HOOQ_Android_Mobile_Free_User_Payment_Philippines_1_Year_GooglePlay" duration-ms="248359" started-at="2019-11-21T12:46:39Z" finished-at="2019-11-21T12:50:47Z">
          <exception class="java.lang.AssertionError">
            <message>
              <![CDATA[null]]>
            </message>
            <full-stacktrace>
              <![CDATA[java.lang.AssertionError: null
	at org.testng.Assert.fail(Assert.java:94)
	at org.testng.Assert.fail(Assert.java:101)
	at com.automation.accelerators.TestEngine.fnCloseTest(TestEngine.java:515)
	at com.automation.android.mobile.scripts.HOOQ_Android_Mobile_Sanity2.HOOQ_Android_Mobile_Free_User_Payment_Philippines_1_Year_GooglePlay(HOOQ_Android_Mobile_Sanity2.java:55)
	at sun.reflect.NativeMethodAccessorImpl.invoke0(Native Method)
	at sun.reflect.NativeMethodAccessorImpl.invoke(NativeMethodAccessorImpl.java:62)
	at sun.reflect.DelegatingMethodAccessorImpl.invoke(DelegatingMethodAccessorImpl.java:43)
	at java.lang.reflect.Method.invoke(Method.java:498)
	at org.testng.internal.MethodInvocationHelper.invokeMethod(MethodInvocationHelper.java:86)
	at org.testng.internal.Invoker.invokeMethod(Invoker.java:643)
	at org.testng.internal.Invoker.invokeTestMethod(Invoker.java:820)
	at org.testng.internal.Invoker.invokeTestMethods(Invoker.java:1128)
	at org.testng.internal.TestMethodWorker.invokeTestMethods(TestMethodWorker.java:129)
	at org.testng.internal.TestMethodWorker.run(TestMethodWorker.java:112)
	at org.testng.TestRunner.privateRun(TestRunner.java:782)
	at org.testng.TestRunner.run(TestRunner.java:632)
	at org.testng.SuiteRunner.runTest(SuiteRunner.java:366)
	at org.testng.SuiteRunner.runSequentially(SuiteRunner.java:361)
	at org.testng.SuiteRunner.privateRun(SuiteRunner.java:319)
	at org.testng.SuiteRunner.run(SuiteRunner.java:268)
	at org.testng.SuiteRunnerWorker.runSuite(SuiteRunnerWorker.java:52)
	at org.testng.SuiteRunnerWorker.run(SuiteRunnerWorker.java:86)
	at org.testng.TestNG.runSuitesSequentially(TestNG.java:1244)
	at org.testng.TestNG.runSuitesLocally(TestNG.java:1169)
	at org.testng.TestNG.run(TestNG.java:1064)
	at org.testng.remote.AbstractRemoteTestNG.run(AbstractRemoteTestNG.java:114)
	at org.testng.remote.RemoteTestNG.initAndRun(RemoteTestNG.java:251)
	at org.testng.remote.RemoteTestNG.main(RemoteTestNG.java:77)
]]>
            </full-stacktrace>
          </exception> <!-- java.lang.AssertionError -->
          <reporter-output>
          </reporter-output>
        </test-method> <!-- HOOQ_Android_Mobile_Free_User_Payment_Philippines_1_Year_GooglePlay -->
        <test-method status="PASS" signature="fnAfterTest()[pri:0, instance:com.automation.android.mobile.scripts.HOOQ_Android_Mobile_Sanity2@491cc5c9]" name="fnAfterTest" is-config="true" duration-ms="3" started-at="2019-11-21T12:50:47Z" finished-at="2019-11-21T12:50:47Z">
          <reporter-output>
          </reporter-output>
        </test-method> <!-- fnAfterTest -->
        <test-method status="PASS" signature="fnAfterSuite()[pri:0, instance:com.automation.android.mobile.scripts.HOOQ_Android_Mobile_Sanity2@491cc5c9]" name="fnAfterSuite" is-config="true" duration-ms="2600" started-at="2019-11-21T12:50:47Z" finished-at="2019-11-21T12:50:50Z">
          <reporter-output>
          </reporter-output>
        </test-method> <!-- fnAfterSuite -->
      </class> <!-- com.automation.android.mobile.scripts.HOOQ_Android_Mobile_Sanity2 -->
    </test> <!-- Grouping -->
  </suite> <!-- HOOQ -->
</testng-results>
