<?xml version="1.0" encoding="UTF-8"?>
<!-- Generated by org.testng.reporters.JUnitXMLReporter -->
<testsuite hostname="Admins-MacBook-Pro.local" name="Grouping" tests="4" failures="1" timestamp="30 Nov 2019 17:27:45 GMT" time="871.401" errors="0">
  <testcase name="HOOQ_IOS_MOBILE_ME" time="220.285" classname="com.automation.ios.iphone.scripts.HOOQ_IOS_IPhone_Sanity"/>
  <testcase name="HOOQ_IOS_MOBILE_Content_Details_Movie" time="81.616" classname="com.automation.ios.iphone.scripts.HOOQ_IOS_IPhone_Sanity">
    <failure type="java.lang.AssertionError" message="Unable find the element Content Name Search Kidnap expected [true] but found [false]">
      <![CDATA[java.lang.AssertionError: Unable find the element Content Name Search Kidnap expected [true] but found [false]
	at com.automation.accelerators.ActionEngine.isElementPresent(ActionEngine.java:152)
	at com.automation.accelerators.ActionEngine.getText(ActionEngine.java:1681)
	at com.automation.ios.workflows.SearchPage.clickAndSearch(SearchPage.java:45)
	at com.automation.ios.iphone.scripts.HOOQ_IOS_IPhone_Sanity.HOOQ_IOS_MOBILE_Content_Details_Movie(HOOQ_IOS_IPhone_Sanity.java:53)
... Removed 30 stack frames]]>
    </failure>
  </testcase> <!-- HOOQ_IOS_MOBILE_Content_Details_Movie -->
  <testcase name="HOOQ_IOS_MOBILE_TVShows_Play" time="202.517" classname="com.automation.ios.iphone.scripts.HOOQ_IOS_IPhone_Sanity"/>
  <testcase name="HOOQ_IOS_MOBILE_Verify_LogOut" time="44.547" classname="com.automation.ios.iphone.scripts.HOOQ_IOS_IPhone_Sanity"/>
</testsuite> <!-- Grouping -->
