<?xml version="1.0" encoding="UTF-8"?>
<!-- Generated by org.testng.reporters.JUnitXMLReporter -->
<testsuite hostname="CTLINDT-0119" name="HOOQ_Android" tests="4" failures="1" timestamp="2 Dec 2019 05:20:20 GMT" time="830.777" errors="0">
  <testcase name="HOOQ_Android_MOBILE_ME" time="78.494" classname="com.automation.android.mobile.scripts.HOOQ_Android_MOBILE_Sanity"/>
  <testcase name="HOOQ_Android_Mobile_Content_Details_Movie" time="44.48" classname="com.automation.android.mobile.scripts.HOOQ_Android_MOBILE_Sanity">
    <failure type="java.lang.AssertionError" message="null">
      <![CDATA[java.lang.AssertionError: null
	at com.automation.accelerators.TestEngine.fnCloseTest(TestEngine.java:560)
	at com.automation.android.mobile.scripts.HOOQ_Android_MOBILE_Sanity.HOOQ_Android_Mobile_Content_Details_Movie(HOOQ_Android_MOBILE_Sanity.java:69)
... Removed 29 stack frames]]>
    </failure>
  </testcase> <!-- HOOQ_Android_Mobile_Content_Details_Movie -->
  <testcase name="HOOQ_Android_MOBILE_TVShows_Play" time="222.437" classname="com.automation.android.mobile.scripts.HOOQ_Android_MOBILE_Sanity"/>
  <testcase name="HOOQ_Android_MOBILE_Verify_LogOut" time="41.661" classname="com.automation.android.mobile.scripts.HOOQ_Android_MOBILE_Sanity"/>
</testsuite> <!-- HOOQ_Android -->
