<?xml version="1.0" encoding="UTF-8"?>
<!-- Generated by org.testng.reporters.JUnitReportReporter -->
<testsuite hostname="Admins-MacBook-Pro.local" name="com.automation.ios.iphone.scripts.HOOQ_IOS_IPhone_Sanity" tests="4" failures="1" timestamp="30 Nov 2019 17:03:21 GMT" time="870.986" errors="0">
  <testcase name="HOOQ_IOS_MOBILE_TVShows_Play" time="270.288" classname="com.automation.ios.iphone.scripts.HOOQ_IOS_IPhone_Sanity"/>
  <testcase name="HOOQ_IOS_MOBILE_Verify_LogOut" time="112.660" classname="com.automation.ios.iphone.scripts.HOOQ_IOS_IPhone_Sanity"/>
  <testcase name="HOOQ_IOS_MOBILE_Content_Details_Movie" time="203.845" classname="com.automation.ios.iphone.scripts.HOOQ_IOS_IPhone_Sanity">
    <failure type="java.lang.AssertionError" message="Unable find the element Content Name Search Kidnap expected [true] but found [false]">
      <![CDATA[java.lang.AssertionError: Unable find the element Content Name Search Kidnap expected [true] but found [false]
	at org.testng.Assert.fail(Assert.java:94)
	at org.testng.Assert.failNotEquals(Assert.java:513)
	at org.testng.Assert.assertTrue(Assert.java:42)
	at com.automation.accelerators.ActionEngine.isElementPresent(ActionEngine.java:152)
	at com.automation.accelerators.ActionEngine.getText(ActionEngine.java:1681)
	at com.automation.ios.workflows.SearchPage.clickAndSearch(SearchPage.java:45)
	at com.automation.ios.iphone.scripts.HOOQ_IOS_IPhone_Sanity.HOOQ_IOS_MOBILE_Content_Details_Movie(HOOQ_IOS_IPhone_Sanity.java:53)
	at sun.reflect.NativeMethodAccessorImpl.invoke0(Native Method)
	at sun.reflect.NativeMethodAccessorImpl.invoke(NativeMethodAccessorImpl.java:62)
	at sun.reflect.DelegatingMethodAccessorImpl.invoke(DelegatingMethodAccessorImpl.java:43)
	at java.lang.reflect.Method.invoke(Method.java:498)
	at org.testng.internal.MethodInvocationHelper.invokeMethod(MethodInvocationHelper.java:86)
	at org.testng.internal.Invoker.invokeMethod(Invoker.java:643)
	at org.testng.internal.Invoker.invokeTestMethod(Invoker.java:820)
	at org.testng.internal.Invoker.invokeTestMethods(Invoker.java:1128)
	at org.testng.internal.TestMethodWorker.invokeTestMethods(TestMethodWorker.java:129)
	at org.testng.internal.TestMethodWorker.run(TestMethodWorker.java:112)
	at org.testng.TestRunner.privateRun(TestRunner.java:782)
	at org.testng.TestRunner.run(TestRunner.java:632)
	at org.testng.SuiteRunner.runTest(SuiteRunner.java:366)
	at org.testng.SuiteRunner.runSequentially(SuiteRunner.java:361)
	at org.testng.SuiteRunner.privateRun(SuiteRunner.java:319)
	at org.testng.SuiteRunner.run(SuiteRunner.java:268)
	at org.testng.SuiteRunnerWorker.runSuite(SuiteRunnerWorker.java:52)
	at org.testng.SuiteRunnerWorker.run(SuiteRunnerWorker.java:86)
	at org.testng.TestNG.runSuitesSequentially(TestNG.java:1244)
	at org.testng.TestNG.runSuitesLocally(TestNG.java:1169)
	at org.testng.TestNG.run(TestNG.java:1064)
	at org.testng.remote.RemoteTestNG.run(RemoteTestNG.java:113)
	at org.testng.remote.RemoteTestNG.initAndRun(RemoteTestNG.java:206)
	at org.testng.remote.RemoteTestNG.main(RemoteTestNG.java:177)
]]>
    </failure>
  </testcase> <!-- HOOQ_IOS_MOBILE_Content_Details_Movie -->
  <testcase name="HOOQ_IOS_MOBILE_ME" time="284.193" classname="com.automation.ios.iphone.scripts.HOOQ_IOS_IPhone_Sanity"/>
</testsuite> <!-- com.automation.ios.iphone.scripts.HOOQ_IOS_IPhone_Sanity -->
