<?xml version="1.0" encoding="UTF-8"?>
<!-- Generated by org.testng.reporters.JUnitReportReporter -->
<testsuite hostname="CTLINDT-0119" name="com.automation.android.mobile.scripts.HOOQ_Android_MOBILE_Sanity" tests="4" failures="1" timestamp="2 Dec 2019 04:51:12 GMT" time="783.961" errors="0">
  <testcase name="HOOQ_Android_MOBILE_ME" time="211.427" classname="com.automation.android.mobile.scripts.HOOQ_Android_MOBILE_Sanity"/>
  <testcase name="HOOQ_Android_MOBILE_Verify_LogOut" time="130.815" classname="com.automation.android.mobile.scripts.HOOQ_Android_MOBILE_Sanity"/>
  <testcase name="HOOQ_Android_MOBILE_TVShows_Play" time="310.642" classname="com.automation.android.mobile.scripts.HOOQ_Android_MOBILE_Sanity"/>
  <testcase name="HOOQ_Android_Mobile_Content_Details_Movie" time="131.077" classname="com.automation.android.mobile.scripts.HOOQ_Android_MOBILE_Sanity">
    <failure type="java.lang.AssertionError" message="null">
      <![CDATA[java.lang.AssertionError: null
	at org.testng.Assert.fail(Assert.java:94)
	at org.testng.Assert.fail(Assert.java:101)
	at com.automation.accelerators.TestEngine.fnCloseTest(TestEngine.java:560)
	at com.automation.android.mobile.scripts.HOOQ_Android_MOBILE_Sanity.HOOQ_Android_Mobile_Content_Details_Movie(HOOQ_Android_MOBILE_Sanity.java:69)
	at sun.reflect.NativeMethodAccessorImpl.invoke0(Native Method)
	at sun.reflect.NativeMethodAccessorImpl.invoke(NativeMethodAccessorImpl.java:62)
	at sun.reflect.DelegatingMethodAccessorImpl.invoke(DelegatingMethodAccessorImpl.java:43)
	at java.lang.reflect.Method.invoke(Method.java:498)
	at org.testng.internal.MethodInvocationHelper.invokeMethod(MethodInvocationHelper.java:86)
	at org.testng.internal.Invoker.invokeMethod(Invoker.java:643)
	at org.testng.internal.Invoker.invokeTestMethod(Invoker.java:820)
	at org.testng.internal.Invoker.invokeTestMethods(Invoker.java:1128)
	at org.testng.internal.TestMethodWorker.invokeTestMethods(TestMethodWorker.java:129)
	at org.testng.internal.TestMethodWorker.run(TestMethodWorker.java:112)
	at org.testng.TestRunner.privateRun(TestRunner.java:782)
	at org.testng.TestRunner.run(TestRunner.java:632)
	at org.testng.SuiteRunner.runTest(SuiteRunner.java:366)
	at org.testng.SuiteRunner.runSequentially(SuiteRunner.java:361)
	at org.testng.SuiteRunner.privateRun(SuiteRunner.java:319)
	at org.testng.SuiteRunner.run(SuiteRunner.java:268)
	at org.testng.SuiteRunnerWorker.runSuite(SuiteRunnerWorker.java:52)
	at org.testng.SuiteRunnerWorker.run(SuiteRunnerWorker.java:86)
	at org.testng.TestNG.runSuitesSequentially(TestNG.java:1244)
	at org.testng.TestNG.runSuitesLocally(TestNG.java:1169)
	at org.testng.TestNG.run(TestNG.java:1064)
	at org.testng.remote.AbstractRemoteTestNG.run(AbstractRemoteTestNG.java:114)
	at org.testng.remote.RemoteTestNG.initAndRun(RemoteTestNG.java:251)
	at org.testng.remote.RemoteTestNG.main(RemoteTestNG.java:77)
]]>
    </failure>
  </testcase> <!-- HOOQ_Android_Mobile_Content_Details_Movie -->
</testsuite> <!-- com.automation.android.mobile.scripts.HOOQ_Android_MOBILE_Sanity -->
