<?xml version="1.0" encoding="UTF-8"?>
<!-- Generated by org.testng.reporters.JUnitReportReporter -->
<testsuite hostname="admins-mbp.cignitiglobal.com" name="com.automation.ios.iphone.scripts.HOOQ_IOS_IPhone_Sanity" tests="22" failures="3" timestamp="23 Aug 2019 07:55:47 GMT" time="5003.420" errors="0">
  <testcase name="HOOQ_IOS_MOBILE_Login" time="194.290" classname="com.automation.ios.iphone.scripts.HOOQ_IOS_IPhone_Sanity"/>
  <testcase name="HOOQ_IOS_MOBILE_Search_Movie" time="112.816" classname="com.automation.ios.iphone.scripts.HOOQ_IOS_IPhone_Sanity"/>
  <testcase name="HOOQ_IOS_MOBILE_Download_Movies" time="442.879" classname="com.automation.ios.iphone.scripts.HOOQ_IOS_IPhone_Sanity"/>
  <testcase name="HOOQ_IOS_MOBILE_Search_TVShows" time="122.595" classname="com.automation.ios.iphone.scripts.HOOQ_IOS_IPhone_Sanity"/>
  <testcase name="HOOQ_IOS_MOBILE_Verify_History" time="124.784" classname="com.automation.ios.iphone.scripts.HOOQ_IOS_IPhone_Sanity"/>
  <testcase name="HOOQ_IOS_MOBILE_Verify_Settings" time="125.954" classname="com.automation.ios.iphone.scripts.HOOQ_IOS_IPhone_Sanity"/>
  <testcase name="HOOQ_IOS_MOBILE_Verify_Support" time="165.218" classname="com.automation.ios.iphone.scripts.HOOQ_IOS_IPhone_Sanity"/>
  <testcase name="HOOQ_IOS_MOBILE_Rent_Section" time="163.605" classname="com.automation.ios.iphone.scripts.HOOQ_IOS_IPhone_Sanity"/>
  <testcase name="HOOQ_IOS_MOBILE_Content_Details_TVShows" time="400.911" classname="com.automation.ios.iphone.scripts.HOOQ_IOS_IPhone_Sanity"/>
  <testcase name="HOOQ_IOS_MOBILE_Movies_Section" time="83.758" classname="com.automation.ios.iphone.scripts.HOOQ_IOS_IPhone_Sanity">
    <failure type="java.lang.AssertionError" message="null">
      <![CDATA[java.lang.AssertionError: null
	at org.testng.Assert.fail(Assert.java:94)
	at org.testng.Assert.fail(Assert.java:101)
	at com.automation.accelerators.TestEngine.fnCloseTest(TestEngine.java:455)
	at com.automation.ios.iphone.scripts.HOOQ_IOS_IPhone_Sanity.HOOQ_IOS_MOBILE_Movies_Section(HOOQ_IOS_IPhone_Sanity.java:104)
	at sun.reflect.NativeMethodAccessorImpl.invoke0(Native Method)
	at sun.reflect.NativeMethodAccessorImpl.invoke(NativeMethodAccessorImpl.java:62)
	at sun.reflect.DelegatingMethodAccessorImpl.invoke(DelegatingMethodAccessorImpl.java:43)
	at java.lang.reflect.Method.invoke(Method.java:498)
	at org.testng.internal.MethodInvocationHelper.invokeMethod(MethodInvocationHelper.java:86)
	at org.testng.internal.Invoker.invokeMethod(Invoker.java:643)
	at org.testng.internal.Invoker.invokeTestMethod(Invoker.java:820)
	at org.testng.internal.Invoker.invokeTestMethods(Invoker.java:1128)
	at org.testng.internal.TestMethodWorker.invokeTestMethods(TestMethodWorker.java:129)
	at org.testng.internal.TestMethodWorker.run(TestMethodWorker.java:112)
	at org.testng.TestRunner.privateRun(TestRunner.java:782)
	at org.testng.TestRunner.run(TestRunner.java:632)
	at org.testng.SuiteRunner.runTest(SuiteRunner.java:366)
	at org.testng.SuiteRunner.runSequentially(SuiteRunner.java:361)
	at org.testng.SuiteRunner.privateRun(SuiteRunner.java:319)
	at org.testng.SuiteRunner.run(SuiteRunner.java:268)
	at org.testng.SuiteRunnerWorker.runSuite(SuiteRunnerWorker.java:52)
	at org.testng.SuiteRunnerWorker.run(SuiteRunnerWorker.java:86)
	at org.testng.TestNG.runSuitesSequentially(TestNG.java:1244)
	at org.testng.TestNG.runSuitesLocally(TestNG.java:1169)
	at org.testng.TestNG.run(TestNG.java:1064)
	at org.apache.maven.surefire.testng.TestNGExecutor.run(TestNGExecutor.java:281)
	at org.apache.maven.surefire.testng.TestNGXmlTestSuite.execute(TestNGXmlTestSuite.java:75)
	at org.apache.maven.surefire.testng.TestNGProvider.invoke(TestNGProvider.java:121)
	at org.apache.maven.surefire.booter.ForkedBooter.invokeProviderInSameClassLoader(ForkedBooter.java:290)
	at org.apache.maven.surefire.booter.ForkedBooter.runSuitesInProcess(ForkedBooter.java:242)
	at org.apache.maven.surefire.booter.ForkedBooter.main(ForkedBooter.java:121)
]]>
    </failure>
  </testcase> <!-- HOOQ_IOS_MOBILE_Movies_Section -->
  <testcase name="HOOQ_IOS_MOBILE_Movie_Play" time="590.562" classname="com.automation.ios.iphone.scripts.HOOQ_IOS_IPhone_Sanity"/>
  <testcase name="HOOQ_IOS_MOBILE_Similer_Titles" time="129.410" classname="com.automation.ios.iphone.scripts.HOOQ_IOS_IPhone_Sanity"/>
  <testcase name="HOOQ_IOS_MOBILE_Discover" time="423.293" classname="com.automation.ios.iphone.scripts.HOOQ_IOS_IPhone_Sanity"/>
  <testcase name="HOOQ_IOS_MOBILE_Verify_LinkTV" time="306.767" classname="com.automation.ios.iphone.scripts.HOOQ_IOS_IPhone_Sanity"/>
  <testcase name="HOOQ_IOS_MOBILE_Verify_LogOut" time="115.038" classname="com.automation.ios.iphone.scripts.HOOQ_IOS_IPhone_Sanity"/>
  <testcase name="HOOQ_IOS_MOBILE_Verify_Subscription" time="176.623" classname="com.automation.ios.iphone.scripts.HOOQ_IOS_IPhone_Sanity"/>
  <testcase name="HOOQ_IOS_MOBILE_Download_TVShows" time="580.825" classname="com.automation.ios.iphone.scripts.HOOQ_IOS_IPhone_Sanity"/>
  <testcase name="HOOQ_IOS_MOBILE_Content_Details_Movie" time="188.860" classname="com.automation.ios.iphone.scripts.HOOQ_IOS_IPhone_Sanity">
    <failure type="java.lang.AssertionError" message="null">
      <![CDATA[java.lang.AssertionError: null
	at org.testng.Assert.fail(Assert.java:94)
	at org.testng.Assert.fail(Assert.java:101)
	at com.automation.accelerators.TestEngine.fnCloseTest(TestEngine.java:455)
	at com.automation.ios.iphone.scripts.HOOQ_IOS_IPhone_Sanity.HOOQ_IOS_MOBILE_Content_Details_Movie(HOOQ_IOS_IPhone_Sanity.java:216)
	at sun.reflect.NativeMethodAccessorImpl.invoke0(Native Method)
	at sun.reflect.NativeMethodAccessorImpl.invoke(NativeMethodAccessorImpl.java:62)
	at sun.reflect.DelegatingMethodAccessorImpl.invoke(DelegatingMethodAccessorImpl.java:43)
	at java.lang.reflect.Method.invoke(Method.java:498)
	at org.testng.internal.MethodInvocationHelper.invokeMethod(MethodInvocationHelper.java:86)
	at org.testng.internal.Invoker.invokeMethod(Invoker.java:643)
	at org.testng.internal.Invoker.invokeTestMethod(Invoker.java:820)
	at org.testng.internal.Invoker.invokeTestMethods(Invoker.java:1128)
	at org.testng.internal.TestMethodWorker.invokeTestMethods(TestMethodWorker.java:129)
	at org.testng.internal.TestMethodWorker.run(TestMethodWorker.java:112)
	at org.testng.TestRunner.privateRun(TestRunner.java:782)
	at org.testng.TestRunner.run(TestRunner.java:632)
	at org.testng.SuiteRunner.runTest(SuiteRunner.java:366)
	at org.testng.SuiteRunner.runSequentially(SuiteRunner.java:361)
	at org.testng.SuiteRunner.privateRun(SuiteRunner.java:319)
	at org.testng.SuiteRunner.run(SuiteRunner.java:268)
	at org.testng.SuiteRunnerWorker.runSuite(SuiteRunnerWorker.java:52)
	at org.testng.SuiteRunnerWorker.run(SuiteRunnerWorker.java:86)
	at org.testng.TestNG.runSuitesSequentially(TestNG.java:1244)
	at org.testng.TestNG.runSuitesLocally(TestNG.java:1169)
	at org.testng.TestNG.run(TestNG.java:1064)
	at org.apache.maven.surefire.testng.TestNGExecutor.run(TestNGExecutor.java:281)
	at org.apache.maven.surefire.testng.TestNGXmlTestSuite.execute(TestNGXmlTestSuite.java:75)
	at org.apache.maven.surefire.testng.TestNGProvider.invoke(TestNGProvider.java:121)
	at org.apache.maven.surefire.booter.ForkedBooter.invokeProviderInSameClassLoader(ForkedBooter.java:290)
	at org.apache.maven.surefire.booter.ForkedBooter.runSuitesInProcess(ForkedBooter.java:242)
	at org.apache.maven.surefire.booter.ForkedBooter.main(ForkedBooter.java:121)
]]>
    </failure>
  </testcase> <!-- HOOQ_IOS_MOBILE_Content_Details_Movie -->
  <testcase name="HOOQ_IOS_MOBILE_ME" time="128.325" classname="com.automation.ios.iphone.scripts.HOOQ_IOS_IPhone_Sanity"/>
  <testcase name="HOOQ_IOS_MOBILE_TVShows_Section" time="81.446" classname="com.automation.ios.iphone.scripts.HOOQ_IOS_IPhone_Sanity">
    <failure type="java.lang.AssertionError" message="null">
      <![CDATA[java.lang.AssertionError: null
	at org.testng.Assert.fail(Assert.java:94)
	at org.testng.Assert.fail(Assert.java:101)
	at com.automation.accelerators.TestEngine.fnCloseTest(TestEngine.java:455)
	at com.automation.ios.iphone.scripts.HOOQ_IOS_IPhone_Sanity.HOOQ_IOS_MOBILE_TVShows_Section(HOOQ_IOS_IPhone_Sanity.java:130)
	at sun.reflect.NativeMethodAccessorImpl.invoke0(Native Method)
	at sun.reflect.NativeMethodAccessorImpl.invoke(NativeMethodAccessorImpl.java:62)
	at sun.reflect.DelegatingMethodAccessorImpl.invoke(DelegatingMethodAccessorImpl.java:43)
	at java.lang.reflect.Method.invoke(Method.java:498)
	at org.testng.internal.MethodInvocationHelper.invokeMethod(MethodInvocationHelper.java:86)
	at org.testng.internal.Invoker.invokeMethod(Invoker.java:643)
	at org.testng.internal.Invoker.invokeTestMethod(Invoker.java:820)
	at org.testng.internal.Invoker.invokeTestMethods(Invoker.java:1128)
	at org.testng.internal.TestMethodWorker.invokeTestMethods(TestMethodWorker.java:129)
	at org.testng.internal.TestMethodWorker.run(TestMethodWorker.java:112)
	at org.testng.TestRunner.privateRun(TestRunner.java:782)
	at org.testng.TestRunner.run(TestRunner.java:632)
	at org.testng.SuiteRunner.runTest(SuiteRunner.java:366)
	at org.testng.SuiteRunner.runSequentially(SuiteRunner.java:361)
	at org.testng.SuiteRunner.privateRun(SuiteRunner.java:319)
	at org.testng.SuiteRunner.run(SuiteRunner.java:268)
	at org.testng.SuiteRunnerWorker.runSuite(SuiteRunnerWorker.java:52)
	at org.testng.SuiteRunnerWorker.run(SuiteRunnerWorker.java:86)
	at org.testng.TestNG.runSuitesSequentially(TestNG.java:1244)
	at org.testng.TestNG.runSuitesLocally(TestNG.java:1169)
	at org.testng.TestNG.run(TestNG.java:1064)
	at org.apache.maven.surefire.testng.TestNGExecutor.run(TestNGExecutor.java:281)
	at org.apache.maven.surefire.testng.TestNGXmlTestSuite.execute(TestNGXmlTestSuite.java:75)
	at org.apache.maven.surefire.testng.TestNGProvider.invoke(TestNGProvider.java:121)
	at org.apache.maven.surefire.booter.ForkedBooter.invokeProviderInSameClassLoader(ForkedBooter.java:290)
	at org.apache.maven.surefire.booter.ForkedBooter.runSuitesInProcess(ForkedBooter.java:242)
	at org.apache.maven.surefire.booter.ForkedBooter.main(ForkedBooter.java:121)
]]>
    </failure>
  </testcase> <!-- HOOQ_IOS_MOBILE_TVShows_Section -->
  <testcase name="HOOQ_IOS_MOBILE_Verify_Download" time="194.702" classname="com.automation.ios.iphone.scripts.HOOQ_IOS_IPhone_Sanity"/>
  <testcase name="HOOQ_IOS_MOBILE_ME_My_Rentals" time="150.759" classname="com.automation.ios.iphone.scripts.HOOQ_IOS_IPhone_Sanity"/>
</testsuite> <!-- com.automation.ios.iphone.scripts.HOOQ_IOS_IPhone_Sanity -->
